2018/08/12 21:39:34 [error] [php] pg_connect(): Unable to connect to PostgreSQL server: FATAL:  password authentication failed for user &quot;postgres&quot;
FATAL:  password authentication failed for user &quot;postgres&quot; (/var/www/html/rasptemp/protected/views/site/index.php:27)
Stack trace:
#0 /var/www/html/yii/framework/web/CBaseController.php(95): SiteController->renderInternal()
#1 /var/www/html/yii/framework/web/CController.php(872): SiteController->renderFile()
#2 /var/www/html/yii/framework/web/CController.php(785): SiteController->renderPartial()
#3 /var/www/html/rasptemp/protected/controllers/SiteController.php(32): SiteController->render()
#4 /var/www/html/yii/framework/web/actions/CInlineAction.php(49): SiteController->actionIndex()
#5 /var/www/html/yii/framework/web/CController.php(308): CInlineAction->runWithParams()
#6 /var/www/html/yii/framework/web/CController.php(286): SiteController->runAction()
#7 /var/www/html/yii/framework/web/CController.php(265): SiteController->runActionWithFilters()
#8 /var/www/html/yii/framework/web/CWebApplication.php(282): SiteController->run()
#9 /var/www/html/yii/framework/web/CWebApplication.php(141): CWebApplication->runController()
#10 /var/www/html/yii/framework/base/CApplication.php(185): CWebApplication->processRequest()
#11 /var/www/html/rasptemp/index.php(13): CWebApplication->run()
REQUEST_URI=/rasptemp/index.php?r=site/index
in /var/www/html/rasptemp/protected/views/site/index.php (27)
in /var/www/html/rasptemp/protected/controllers/SiteController.php (32)
in /var/www/html/rasptemp/index.php (13)
2018/08/12 22:02:39 [error] [exception.CHttpException.403] CHttpException: You are not allowed to access this page. in /var/www/html/yii/framework/gii/GiiModule.php:170
Stack trace:
#0 /var/www/html/yii/framework/web/CController.php(263): GiiModule->beforeControllerAction(Object(DefaultController), Object(CInlineAction))
#1 /var/www/html/yii/framework/web/CWebApplication.php(282): CController->run('')
#2 /var/www/html/yii/framework/web/CWebApplication.php(141): CWebApplication->runController('gii')
#3 /var/www/html/yii/framework/base/CApplication.php(185): CWebApplication->processRequest()
#4 /var/www/html/rasptemp/index.php(13): CApplication->run()
#5 {main}
REQUEST_URI=/rasptemp/index.php?r=gii
---
2018/08/12 22:03:12 [error] [exception.CHttpException.403] CHttpException: You are not allowed to access this page. in /var/www/html/yii/framework/gii/GiiModule.php:170
Stack trace:
#0 /var/www/html/yii/framework/web/CController.php(263): GiiModule->beforeControllerAction(Object(DefaultController), Object(CInlineAction))
#1 /var/www/html/yii/framework/web/CWebApplication.php(282): CController->run('')
#2 /var/www/html/yii/framework/web/CWebApplication.php(141): CWebApplication->runController('gii')
#3 /var/www/html/yii/framework/base/CApplication.php(185): CWebApplication->processRequest()
#4 /var/www/html/rasptemp/index.php(13): CApplication->run()
#5 {main}
REQUEST_URI=/rasptemp/index.php?r=gii
---
2018/08/12 22:03:18 [error] [exception.CHttpException.403] CHttpException: You are not allowed to access this page. in /var/www/html/yii/framework/gii/GiiModule.php:170
Stack trace:
#0 /var/www/html/yii/framework/web/CController.php(263): GiiModule->beforeControllerAction(Object(DefaultController), Object(CInlineAction))
#1 /var/www/html/yii/framework/web/CWebApplication.php(282): CController->run('')
#2 /var/www/html/yii/framework/web/CWebApplication.php(141): CWebApplication->runController('gii/')
#3 /var/www/html/yii/framework/base/CApplication.php(185): CWebApplication->processRequest()
#4 /var/www/html/rasptemp/index.php(13): CApplication->run()
#5 {main}
REQUEST_URI=/rasptemp/index.php?r=gii/
---
2018/08/12 22:03:30 [error] [exception.CHttpException.403] CHttpException: You are not allowed to access this page. in /var/www/html/yii/framework/gii/GiiModule.php:170
Stack trace:
#0 /var/www/html/yii/framework/web/CController.php(263): GiiModule->beforeControllerAction(Object(DefaultController), Object(CInlineAction))
#1 /var/www/html/yii/framework/web/CWebApplication.php(282): CController->run('')
#2 /var/www/html/yii/framework/web/CWebApplication.php(141): CWebApplication->runController('gii/')
#3 /var/www/html/yii/framework/base/CApplication.php(185): CWebApplication->processRequest()
#4 /var/www/html/rasptemp/index.php(13): CApplication->run()
#5 {main}
REQUEST_URI=/rasptemp/index.php?r=gii/
---
2018/08/12 22:07:06 [error] [exception.CHttpException.403] CHttpException: You are not allowed to access this page. in /var/www/html/yii/framework/gii/GiiModule.php:170
Stack trace:
#0 /var/www/html/yii/framework/web/CController.php(263): GiiModule->beforeControllerAction(Object(DefaultController), Object(CInlineAction))
#1 /var/www/html/yii/framework/web/CWebApplication.php(282): CController->run('')
#2 /var/www/html/yii/framework/web/CWebApplication.php(141): CWebApplication->runController('gii/')
#3 /var/www/html/yii/framework/base/CApplication.php(185): CWebApplication->processRequest()
#4 /var/www/html/rasptemp/index.php(13): CApplication->run()
#5 {main}
REQUEST_URI=/rasptemp/index.php?r=gii/
---
2018/08/12 22:07:08 [error] [exception.CHttpException.403] CHttpException: You are not allowed to access this page. in /var/www/html/yii/framework/gii/GiiModule.php:170
Stack trace:
#0 /var/www/html/yii/framework/web/CController.php(263): GiiModule->beforeControllerAction(Object(DefaultController), Object(CInlineAction))
#1 /var/www/html/yii/framework/web/CWebApplication.php(282): CController->run('')
#2 /var/www/html/yii/framework/web/CWebApplication.php(141): CWebApplication->runController('gii')
#3 /var/www/html/yii/framework/base/CApplication.php(185): CWebApplication->processRequest()
#4 /var/www/html/rasptemp/index.php(13): CApplication->run()
#5 {main}
REQUEST_URI=/rasptemp/index.php?r=gii
---
2018/08/12 22:07:09 [error] [exception.CHttpException.403] CHttpException: You are not allowed to access this page. in /var/www/html/yii/framework/gii/GiiModule.php:170
Stack trace:
#0 /var/www/html/yii/framework/web/CController.php(263): GiiModule->beforeControllerAction(Object(DefaultController), Object(CInlineAction))
#1 /var/www/html/yii/framework/web/CWebApplication.php(282): CController->run('')
#2 /var/www/html/yii/framework/web/CWebApplication.php(141): CWebApplication->runController('gii/')
#3 /var/www/html/yii/framework/base/CApplication.php(185): CWebApplication->processRequest()
#4 /var/www/html/rasptemp/index.php(13): CApplication->run()
#5 {main}
REQUEST_URI=/rasptemp/index.php?r=gii/
---
2018/08/12 22:07:23 [error] [exception.CHttpException.404] CHttpException: Unable to resolve the request "gii/". in /var/www/html/yii/framework/web/CWebApplication.php:286
Stack trace:
#0 /var/www/html/yii/framework/web/CWebApplication.php(141): CWebApplication->runController('gii/')
#1 /var/www/html/yii/framework/base/CApplication.php(185): CWebApplication->processRequest()
#2 /var/www/html/rasptemp/index.php(13): CApplication->run()
#3 {main}
REQUEST_URI=/rasptemp/index.php?r=gii/
---
2018/08/12 22:07:26 [error] [exception.CHttpException.404] CHttpException: Unable to resolve the request "gii/". in /var/www/html/yii/framework/web/CWebApplication.php:286
Stack trace:
#0 /var/www/html/yii/framework/web/CWebApplication.php(141): CWebApplication->runController('gii/')
#1 /var/www/html/yii/framework/base/CApplication.php(185): CWebApplication->processRequest()
#2 /var/www/html/rasptemp/index.php(13): CApplication->run()
#3 {main}
REQUEST_URI=/rasptemp/index.php?r=gii/
---
2018/08/12 22:07:44 [error] [exception.CHttpException.403] CHttpException: You are not allowed to access this page. in /var/www/html/yii/framework/gii/GiiModule.php:170
Stack trace:
#0 /var/www/html/yii/framework/web/CController.php(263): GiiModule->beforeControllerAction(Object(DefaultController), Object(CInlineAction))
#1 /var/www/html/yii/framework/web/CWebApplication.php(282): CController->run('')
#2 /var/www/html/yii/framework/web/CWebApplication.php(141): CWebApplication->runController('gii/')
#3 /var/www/html/yii/framework/base/CApplication.php(185): CWebApplication->processRequest()
#4 /var/www/html/rasptemp/index.php(13): CApplication->run()
#5 {main}
REQUEST_URI=/rasptemp/index.php?r=gii/
---
2018/08/12 22:08:09 [error] [exception.CHttpException.403] CHttpException: You are not allowed to access this page. in /var/www/html/yii/framework/gii/GiiModule.php:170
Stack trace:
#0 /var/www/html/yii/framework/web/CController.php(263): GiiModule->beforeControllerAction(Object(DefaultController), Object(CInlineAction))
#1 /var/www/html/yii/framework/web/CWebApplication.php(282): CController->run('')
#2 /var/www/html/yii/framework/web/CWebApplication.php(141): CWebApplication->runController('gii/')
#3 /var/www/html/yii/framework/base/CApplication.php(185): CWebApplication->processRequest()
#4 /var/www/html/rasptemp/index.php(13): CApplication->run()
#5 {main}
REQUEST_URI=/rasptemp/index.php?r=gii/
---
2018/08/12 22:09:37 [error] [exception.CHttpException.403] CHttpException: You are not allowed to access this page. in /var/www/html/yii/framework/gii/GiiModule.php:170
Stack trace:
#0 /var/www/html/yii/framework/web/CController.php(263): GiiModule->beforeControllerAction(Object(DefaultController), Object(CInlineAction))
#1 /var/www/html/yii/framework/web/CWebApplication.php(282): CController->run('')
#2 /var/www/html/yii/framework/web/CWebApplication.php(141): CWebApplication->runController('gii/')
#3 /var/www/html/yii/framework/base/CApplication.php(185): CWebApplication->processRequest()
#4 /var/www/html/rasptemp/index.php(13): CApplication->run()
#5 {main}
REQUEST_URI=/rasptemp/index.php?r=gii/
---
2018/08/12 22:10:07 [error] [exception.CHttpException.403] CHttpException: You are not allowed to access this page. in /var/www/html/yii/framework/gii/GiiModule.php:170
Stack trace:
#0 /var/www/html/yii/framework/web/CController.php(263): GiiModule->beforeControllerAction(Object(DefaultController), Object(CInlineAction))
#1 /var/www/html/yii/framework/web/CWebApplication.php(282): CController->run('')
#2 /var/www/html/yii/framework/web/CWebApplication.php(141): CWebApplication->runController('gii/')
#3 /var/www/html/yii/framework/base/CApplication.php(185): CWebApplication->processRequest()
#4 /var/www/html/rasptemp/index.php(13): CApplication->run()
#5 {main}
REQUEST_URI=/rasptemp/index.php?r=gii/
---
2018/08/12 22:10:08 [error] [exception.CHttpException.403] CHttpException: You are not allowed to access this page. in /var/www/html/yii/framework/gii/GiiModule.php:170
Stack trace:
#0 /var/www/html/yii/framework/web/CController.php(263): GiiModule->beforeControllerAction(Object(DefaultController), Object(CInlineAction))
#1 /var/www/html/yii/framework/web/CWebApplication.php(282): CController->run('')
#2 /var/www/html/yii/framework/web/CWebApplication.php(141): CWebApplication->runController('gii')
#3 /var/www/html/yii/framework/base/CApplication.php(185): CWebApplication->processRequest()
#4 /var/www/html/rasptemp/index.php(13): CApplication->run()
#5 {main}
REQUEST_URI=/rasptemp/index.php?r=gii
---
2018/08/12 22:10:13 [error] [exception.CHttpException.403] CHttpException: You are not allowed to access this page. in /var/www/html/yii/framework/gii/GiiModule.php:170
Stack trace:
#0 /var/www/html/yii/framework/web/CController.php(263): GiiModule->beforeControllerAction(Object(DefaultController), Object(CInlineAction))
#1 /var/www/html/yii/framework/web/CWebApplication.php(282): CController->run('')
#2 /var/www/html/yii/framework/web/CWebApplication.php(141): CWebApplication->runController('gii')
#3 /var/www/html/yii/framework/base/CApplication.php(185): CWebApplication->processRequest()
#4 /var/www/html/rasptemp/index.php(13): CApplication->run()
#5 {main}
REQUEST_URI=/rasptemp/index.php?r=gii
---
2018/08/12 22:10:30 [error] [exception.CHttpException.403] CHttpException: You are not allowed to access this page. in /var/www/html/yii/framework/gii/GiiModule.php:170
Stack trace:
#0 /var/www/html/yii/framework/web/CController.php(263): GiiModule->beforeControllerAction(Object(DefaultController), Object(CInlineAction))
#1 /var/www/html/yii/framework/web/CWebApplication.php(282): CController->run('')
#2 /var/www/html/yii/framework/web/CWebApplication.php(141): CWebApplication->runController('gii')
#3 /var/www/html/yii/framework/base/CApplication.php(185): CWebApplication->processRequest()
#4 /var/www/html/rasptemp/index.php(13): CApplication->run()
#5 {main}
REQUEST_URI=/rasptemp/index.php?r=gii
---
2018/08/12 22:30:02 [error] [exception.ParseError] ParseError: syntax error, unexpected '<', expecting end of file in /var/www/html/rasptemp/protected/views/site/index.php:10
Stack trace:
#0 /var/www/html/yii/framework/web/CBaseController.php(95): CBaseController->renderInternal('/var/www/html/r...', NULL, true)
#1 /var/www/html/yii/framework/web/CController.php(872): CBaseController->renderFile('/var/www/html/r...', NULL, true)
#2 /var/www/html/yii/framework/web/CController.php(785): CController->renderPartial('index', NULL, true)
#3 /var/www/html/rasptemp/protected/controllers/SiteController.php(32): CController->render('index')
#4 /var/www/html/yii/framework/web/actions/CInlineAction.php(49): SiteController->actionIndex()
#5 /var/www/html/yii/framework/web/CController.php(308): CInlineAction->runWithParams(Array)
#6 /var/www/html/yii/framework/web/CController.php(286): CController->runAction(Object(CInlineAction))
#7 /var/www/html/yii/framework/web/CController.php(265): CController->runActionWithFilters(Object(CInlineAction), Array)
#8 /var/www/html/yii/framework/web/CWebApplication.php(282): CController->run('index')
#9 /var/www/html/yii/framework/web/CWebApplication.php(141): CWebApplication->runController('site/index')
#10 /var/www/html/yii/framework/base/CApplication.php(185): CWebApplication->processRequest()
#11 /var/www/html/rasptemp/index.php(13): CApplication->run()
#12 {main}
REQUEST_URI=/rasptemp/index.php?r=site/index
HTTP_REFERER=http://192.168.1.200/rasptemp/index.php?r=site/login
---
2018/08/19 13:20:44 [error] [exception.CHttpException.404] CHttpException: Unable to resolve the request "users/". in /var/www/html/yii/framework/web/CWebApplication.php:286
Stack trace:
#0 /var/www/html/yii/framework/web/CWebApplication.php(141): CWebApplication->runController('users/')
#1 /var/www/html/yii/framework/base/CApplication.php(185): CWebApplication->processRequest()
#2 /var/www/html/rasptemp/index.php(13): CApplication->run()
#3 {main}
REQUEST_URI=/rasptemp/index.php?r=users/
---
2018/08/19 13:23:52 [error] [exception.ParseError] ParseError: syntax error, unexpected '$model' (T_VARIABLE) in /var/www/html/rasptemp/protected/controllers/SiteController.php:81
Stack trace:
#0 /var/www/html/yii/framework/web/CWebApplication.php(276): CWebApplication->createController('index/')
#1 /var/www/html/yii/framework/web/CWebApplication.php(141): CWebApplication->runController('site/index')
#2 /var/www/html/yii/framework/base/CApplication.php(185): CWebApplication->processRequest()
#3 /var/www/html/rasptemp/index.php(13): CApplication->run()
#4 {main}
REQUEST_URI=/rasptemp/index.php?r=site/index
---
2018/08/19 13:52:47 [error] [exception.CDbException] CDbException: CDbConnection failed to open the DB connection: SQLSTATE[08006] [7] FATAL:  password authentication failed for user "postgres"
FATAL:  password authentication failed for user "postgres" in /var/www/html/yii/framework/db/CDbConnection.php:399
Stack trace:
#0 /var/www/html/yii/framework/db/CDbConnection.php(347): CDbConnection->open()
#1 /var/www/html/yii/framework/db/CDbConnection.php(325): CDbConnection->setActive(true)
#2 /var/www/html/yii/framework/base/CModule.php(394): CDbConnection->init()
#3 /var/www/html/yii/framework/base/CModule.php(103): CModule->getComponent('db')
#4 /var/www/html/yii/framework/gii/generators/model/ModelCode.php(60): CModule->__get('db')
#5 /var/www/html/yii/framework/web/CFormModel.php(39): ModelCode->init()
#6 /var/www/html/yii/framework/gii/CCodeGenerator.php(153): CFormModel->__construct()
#7 /var/www/html/yii/framework/gii/CCodeGenerator.php(63): CCodeGenerator->prepare()
#8 /var/www/html/yii/framework/web/actions/CInlineAction.php(49): CCodeGenerator->actionIndex()
#9 /var/www/html/yii/framework/web/CController.php(308): CInlineAction->runWithParams(Array)
#10 /var/www/html/yii/framework/web/CController.php(286): CController->runAction(Object(CInlineAction))
#11 /var/www/html/yii/framework/web/CController.php(265): CController->runActionWithFilters(Object(CInlineAction), Array)
#12 /var/www/html/yii/framework/web/CWebApplication.php(282): CController->run('index')
#13 /var/www/html/yii/framework/web/CWebApplication.php(141): CWebApplication->runController('gii/model/index')
#14 /var/www/html/yii/framework/base/CApplication.php(185): CWebApplication->processRequest()
#15 /var/www/html/rasptemp/index.php(13): CApplication->run()
#16 {main}
REQUEST_URI=/rasptemp/index.php?r=gii/model/index
HTTP_REFERER=http://192.168.1.200/rasptemp/index.php?r=gii/default/index
---
2018/08/19 15:11:28 [error] [exception.CHttpException.403] CHttpException: You are not authorized to perform this action. in /var/www/html/yii/framework/web/auth/CAccessControlFilter.php:183
Stack trace:
#0 /var/www/html/yii/framework/web/auth/CAccessControlFilter.php(145): CAccessControlFilter->accessDenied(Object(CWebUser), 'You are not aut...')
#1 /var/www/html/yii/framework/web/filters/CFilter.php(38): CAccessControlFilter->preFilter(Object(CFilterChain))
#2 /var/www/html/yii/framework/web/CController.php(1148): CFilter->filter(Object(CFilterChain))
#3 /var/www/html/yii/framework/web/filters/CInlineFilter.php(58): CController->filterAccessControl(Object(CFilterChain))
#4 /var/www/html/yii/framework/web/filters/CFilterChain.php(131): CInlineFilter->filter(Object(CFilterChain))
#5 /var/www/html/yii/framework/web/CController.php(291): CFilterChain->run()
#6 /var/www/html/yii/framework/web/CController.php(265): CController->runActionWithFilters(Object(CInlineAction), Array)
#7 /var/www/html/yii/framework/web/CWebApplication.php(282): CController->run('admin')
#8 /var/www/html/yii/framework/web/CWebApplication.php(141): CWebApplication->runController('users/admin')
#9 /var/www/html/yii/framework/base/CApplication.php(185): CWebApplication->processRequest()
#10 /var/www/html/rasptemp/index.php(13): CApplication->run()
#11 {main}
REQUEST_URI=/rasptemp/index.php?r=users/admin
HTTP_REFERER=http://192.168.1.200/rasptemp/index.php?r=users
---
2018/08/19 15:11:35 [error] [exception.CHttpException.403] CHttpException: You are not authorized to perform this action. in /var/www/html/yii/framework/web/auth/CAccessControlFilter.php:183
Stack trace:
#0 /var/www/html/yii/framework/web/auth/CAccessControlFilter.php(145): CAccessControlFilter->accessDenied(Object(CWebUser), 'You are not aut...')
#1 /var/www/html/yii/framework/web/filters/CFilter.php(38): CAccessControlFilter->preFilter(Object(CFilterChain))
#2 /var/www/html/yii/framework/web/CController.php(1148): CFilter->filter(Object(CFilterChain))
#3 /var/www/html/yii/framework/web/filters/CInlineFilter.php(58): CController->filterAccessControl(Object(CFilterChain))
#4 /var/www/html/yii/framework/web/filters/CFilterChain.php(131): CInlineFilter->filter(Object(CFilterChain))
#5 /var/www/html/yii/framework/web/CController.php(291): CFilterChain->run()
#6 /var/www/html/yii/framework/web/CController.php(265): CController->runActionWithFilters(Object(CInlineAction), Array)
#7 /var/www/html/yii/framework/web/CWebApplication.php(282): CController->run('create')
#8 /var/www/html/yii/framework/web/CWebApplication.php(141): CWebApplication->runController('users/create')
#9 /var/www/html/yii/framework/base/CApplication.php(185): CWebApplication->processRequest()
#10 /var/www/html/rasptemp/index.php(13): CApplication->run()
#11 {main}
REQUEST_URI=/rasptemp/index.php?r=users/create
HTTP_REFERER=http://192.168.1.200/rasptemp/index.php?r=users
---
2018/08/19 17:48:00 [error] [exception.CHttpException.403] CHttpException: You are not authorized to perform this action. in /var/www/html/yii/framework/web/auth/CAccessControlFilter.php:183
Stack trace:
#0 /var/www/html/yii/framework/web/auth/CAccessControlFilter.php(145): CAccessControlFilter->accessDenied(Object(CWebUser), 'You are not aut...')
#1 /var/www/html/yii/framework/web/filters/CFilter.php(38): CAccessControlFilter->preFilter(Object(CFilterChain))
#2 /var/www/html/yii/framework/web/CController.php(1148): CFilter->filter(Object(CFilterChain))
#3 /var/www/html/yii/framework/web/filters/CInlineFilter.php(58): CController->filterAccessControl(Object(CFilterChain))
#4 /var/www/html/yii/framework/web/filters/CFilterChain.php(131): CInlineFilter->filter(Object(CFilterChain))
#5 /var/www/html/yii/framework/web/CController.php(291): CFilterChain->run()
#6 /var/www/html/yii/framework/web/CController.php(265): CController->runActionWithFilters(Object(CInlineAction), Array)
#7 /var/www/html/yii/framework/web/CWebApplication.php(282): CController->run('')
#8 /var/www/html/yii/framework/web/CWebApplication.php(141): CWebApplication->runController('users')
#9 /var/www/html/yii/framework/base/CApplication.php(185): CWebApplication->processRequest()
#10 /var/www/html/rasptemp/index.php(13): CApplication->run()
#11 {main}
REQUEST_URI=/rasptemp/index.php?r=users
---
2018/08/19 17:48:01 [error] [exception.CHttpException.403] CHttpException: You are not authorized to perform this action. in /var/www/html/yii/framework/web/auth/CAccessControlFilter.php:183
Stack trace:
#0 /var/www/html/yii/framework/web/auth/CAccessControlFilter.php(145): CAccessControlFilter->accessDenied(Object(CWebUser), 'You are not aut...')
#1 /var/www/html/yii/framework/web/filters/CFilter.php(38): CAccessControlFilter->preFilter(Object(CFilterChain))
#2 /var/www/html/yii/framework/web/CController.php(1148): CFilter->filter(Object(CFilterChain))
#3 /var/www/html/yii/framework/web/filters/CInlineFilter.php(58): CController->filterAccessControl(Object(CFilterChain))
#4 /var/www/html/yii/framework/web/filters/CFilterChain.php(131): CInlineFilter->filter(Object(CFilterChain))
#5 /var/www/html/yii/framework/web/CController.php(291): CFilterChain->run()
#6 /var/www/html/yii/framework/web/CController.php(265): CController->runActionWithFilters(Object(CInlineAction), Array)
#7 /var/www/html/yii/framework/web/CWebApplication.php(282): CController->run('')
#8 /var/www/html/yii/framework/web/CWebApplication.php(141): CWebApplication->runController('users')
#9 /var/www/html/yii/framework/base/CApplication.php(185): CWebApplication->processRequest()
#10 /var/www/html/rasptemp/index.php(13): CApplication->run()
#11 {main}
REQUEST_URI=/rasptemp/index.php?r=users
---
2018/08/19 17:56:00 [error] [exception.CHttpException.403] CHttpException: You are not authorized to perform this action. in /var/www/html/yii/framework/web/auth/CAccessControlFilter.php:183
Stack trace:
#0 /var/www/html/yii/framework/web/auth/CAccessControlFilter.php(145): CAccessControlFilter->accessDenied(Object(CWebUser), 'You are not aut...')
#1 /var/www/html/yii/framework/web/filters/CFilter.php(38): CAccessControlFilter->preFilter(Object(CFilterChain))
#2 /var/www/html/yii/framework/web/CController.php(1148): CFilter->filter(Object(CFilterChain))
#3 /var/www/html/yii/framework/web/filters/CInlineFilter.php(58): CController->filterAccessControl(Object(CFilterChain))
#4 /var/www/html/yii/framework/web/filters/CFilterChain.php(131): CInlineFilter->filter(Object(CFilterChain))
#5 /var/www/html/yii/framework/web/CController.php(291): CFilterChain->run()
#6 /var/www/html/yii/framework/web/CController.php(265): CController->runActionWithFilters(Object(CInlineAction), Array)
#7 /var/www/html/yii/framework/web/CWebApplication.php(282): CController->run('')
#8 /var/www/html/yii/framework/web/CWebApplication.php(141): CWebApplication->runController('users')
#9 /var/www/html/yii/framework/base/CApplication.php(185): CWebApplication->processRequest()
#10 /var/www/html/rasptemp/index.php(13): CApplication->run()
#11 {main}
REQUEST_URI=/rasptemp/index.php?r=users
---
2018/08/19 17:56:01 [error] [exception.CHttpException.403] CHttpException: You are not authorized to perform this action. in /var/www/html/yii/framework/web/auth/CAccessControlFilter.php:183
Stack trace:
#0 /var/www/html/yii/framework/web/auth/CAccessControlFilter.php(145): CAccessControlFilter->accessDenied(Object(CWebUser), 'You are not aut...')
#1 /var/www/html/yii/framework/web/filters/CFilter.php(38): CAccessControlFilter->preFilter(Object(CFilterChain))
#2 /var/www/html/yii/framework/web/CController.php(1148): CFilter->filter(Object(CFilterChain))
#3 /var/www/html/yii/framework/web/filters/CInlineFilter.php(58): CController->filterAccessControl(Object(CFilterChain))
#4 /var/www/html/yii/framework/web/filters/CFilterChain.php(131): CInlineFilter->filter(Object(CFilterChain))
#5 /var/www/html/yii/framework/web/CController.php(291): CFilterChain->run()
#6 /var/www/html/yii/framework/web/CController.php(265): CController->runActionWithFilters(Object(CInlineAction), Array)
#7 /var/www/html/yii/framework/web/CWebApplication.php(282): CController->run('')
#8 /var/www/html/yii/framework/web/CWebApplication.php(141): CWebApplication->runController('users')
#9 /var/www/html/yii/framework/base/CApplication.php(185): CWebApplication->processRequest()
#10 /var/www/html/rasptemp/index.php(13): CApplication->run()
#11 {main}
REQUEST_URI=/rasptemp/index.php?r=users
---
2018/08/19 18:07:06 [error] [exception.CHttpException.403] CHttpException: You are not authorized to perform this action. in /var/www/html/yii/framework/web/auth/CAccessControlFilter.php:183
Stack trace:
#0 /var/www/html/yii/framework/web/auth/CAccessControlFilter.php(145): CAccessControlFilter->accessDenied(Object(CWebUser), 'You are not aut...')
#1 /var/www/html/yii/framework/web/filters/CFilter.php(38): CAccessControlFilter->preFilter(Object(CFilterChain))
#2 /var/www/html/yii/framework/web/CController.php(1148): CFilter->filter(Object(CFilterChain))
#3 /var/www/html/yii/framework/web/filters/CInlineFilter.php(58): CController->filterAccessControl(Object(CFilterChain))
#4 /var/www/html/yii/framework/web/filters/CFilterChain.php(131): CInlineFilter->filter(Object(CFilterChain))
#5 /var/www/html/yii/framework/web/CController.php(291): CFilterChain->run()
#6 /var/www/html/yii/framework/web/CController.php(265): CController->runActionWithFilters(Object(CInlineAction), Array)
#7 /var/www/html/yii/framework/web/CWebApplication.php(282): CController->run('')
#8 /var/www/html/yii/framework/web/CWebApplication.php(141): CWebApplication->runController('users')
#9 /var/www/html/yii/framework/base/CApplication.php(185): CWebApplication->processRequest()
#10 /var/www/html/rasptemp/index.php(13): CApplication->run()
#11 {main}
REQUEST_URI=/rasptemp/index.php?r=users
---
2018/08/19 18:07:06 [error] [exception.CHttpException.403] CHttpException: You are not authorized to perform this action. in /var/www/html/yii/framework/web/auth/CAccessControlFilter.php:183
Stack trace:
#0 /var/www/html/yii/framework/web/auth/CAccessControlFilter.php(145): CAccessControlFilter->accessDenied(Object(CWebUser), 'You are not aut...')
#1 /var/www/html/yii/framework/web/filters/CFilter.php(38): CAccessControlFilter->preFilter(Object(CFilterChain))
#2 /var/www/html/yii/framework/web/CController.php(1148): CFilter->filter(Object(CFilterChain))
#3 /var/www/html/yii/framework/web/filters/CInlineFilter.php(58): CController->filterAccessControl(Object(CFilterChain))
#4 /var/www/html/yii/framework/web/filters/CFilterChain.php(131): CInlineFilter->filter(Object(CFilterChain))
#5 /var/www/html/yii/framework/web/CController.php(291): CFilterChain->run()
#6 /var/www/html/yii/framework/web/CController.php(265): CController->runActionWithFilters(Object(CInlineAction), Array)
#7 /var/www/html/yii/framework/web/CWebApplication.php(282): CController->run('')
#8 /var/www/html/yii/framework/web/CWebApplication.php(141): CWebApplication->runController('users')
#9 /var/www/html/yii/framework/base/CApplication.php(185): CWebApplication->processRequest()
#10 /var/www/html/rasptemp/index.php(13): CApplication->run()
#11 {main}
REQUEST_URI=/rasptemp/index.php?r=users
---
2018/08/19 18:07:17 [error] [exception.CHttpException.403] CHttpException: You are not authorized to perform this action. in /var/www/html/yii/framework/web/auth/CAccessControlFilter.php:183
Stack trace:
#0 /var/www/html/yii/framework/web/auth/CAccessControlFilter.php(145): CAccessControlFilter->accessDenied(Object(CWebUser), 'You are not aut...')
#1 /var/www/html/yii/framework/web/filters/CFilter.php(38): CAccessControlFilter->preFilter(Object(CFilterChain))
#2 /var/www/html/yii/framework/web/CController.php(1148): CFilter->filter(Object(CFilterChain))
#3 /var/www/html/yii/framework/web/filters/CInlineFilter.php(58): CController->filterAccessControl(Object(CFilterChain))
#4 /var/www/html/yii/framework/web/filters/CFilterChain.php(131): CInlineFilter->filter(Object(CFilterChain))
#5 /var/www/html/yii/framework/web/CController.php(291): CFilterChain->run()
#6 /var/www/html/yii/framework/web/CController.php(265): CController->runActionWithFilters(Object(CInlineAction), Array)
#7 /var/www/html/yii/framework/web/CWebApplication.php(282): CController->run('create')
#8 /var/www/html/yii/framework/web/CWebApplication.php(141): CWebApplication->runController('temperaturas/cr...')
#9 /var/www/html/yii/framework/base/CApplication.php(185): CWebApplication->processRequest()
#10 /var/www/html/rasptemp/index.php(13): CApplication->run()
#11 {main}
REQUEST_URI=/rasptemp/index.php?r=temperaturas/create
HTTP_REFERER=http://192.168.1.200/rasptemp/index.php?r=temperaturas
---
2018/08/19 18:07:29 [error] [exception.CHttpException.403] CHttpException: You are not authorized to perform this action. in /var/www/html/yii/framework/web/auth/CAccessControlFilter.php:183
Stack trace:
#0 /var/www/html/yii/framework/web/auth/CAccessControlFilter.php(145): CAccessControlFilter->accessDenied(Object(CWebUser), 'You are not aut...')
#1 /var/www/html/yii/framework/web/filters/CFilter.php(38): CAccessControlFilter->preFilter(Object(CFilterChain))
#2 /var/www/html/yii/framework/web/CController.php(1148): CFilter->filter(Object(CFilterChain))
#3 /var/www/html/yii/framework/web/filters/CInlineFilter.php(58): CController->filterAccessControl(Object(CFilterChain))
#4 /var/www/html/yii/framework/web/filters/CFilterChain.php(131): CInlineFilter->filter(Object(CFilterChain))
#5 /var/www/html/yii/framework/web/CController.php(291): CFilterChain->run()
#6 /var/www/html/yii/framework/web/CController.php(265): CController->runActionWithFilters(Object(CInlineAction), Array)
#7 /var/www/html/yii/framework/web/CWebApplication.php(282): CController->run('admin')
#8 /var/www/html/yii/framework/web/CWebApplication.php(141): CWebApplication->runController('temperaturas/ad...')
#9 /var/www/html/yii/framework/base/CApplication.php(185): CWebApplication->processRequest()
#10 /var/www/html/rasptemp/index.php(13): CApplication->run()
#11 {main}
REQUEST_URI=/rasptemp/index.php?r=temperaturas/admin
HTTP_REFERER=http://192.168.1.200/rasptemp/index.php?r=temperaturas
---
2018/08/19 18:12:13 [error] [exception.ParseError] ParseError: syntax error, unexpected ')' in /var/www/html/rasptemp/protected/views/layouts/main.php:39
Stack trace:
#0 /var/www/html/yii/framework/web/CBaseController.php(95): CBaseController->renderInternal('/var/www/html/r...', Array, true)
#1 /var/www/html/yii/framework/web/widgets/CContentDecorator.php(76): CBaseController->renderFile('/var/www/html/r...', Array, true)
#2 /var/www/html/yii/framework/web/widgets/CContentDecorator.php(54): CContentDecorator->decorate('<div class="spa...')
#3 /var/www/html/yii/framework/web/widgets/COutputProcessor.php(44): CContentDecorator->processOutput('<div class="spa...')
#4 /var/www/html/yii/framework/web/CBaseController.php(215): COutputProcessor->run()
#5 /var/www/html/yii/framework/web/CBaseController.php(309): CBaseController->endWidget('CContentDecorat...')
#6 /var/www/html/rasptemp/protected/views/layouts/column2.php(22): CBaseController->endContent()
#7 /var/www/html/yii/framework/web/CBaseController.php(126): require('/var/www/html/r...')
#8 /var/www/html/yii/framework/web/CBaseController.php(95): CBaseController->renderInternal('/var/www/html/r...', Array, true)
#9 /var/www/html/yii/framework/web/CController.php(787): CBaseController->renderFile('/var/www/html/r...', Array, true)
#10 /var/www/html/rasptemp/protected/controllers/TemperaturasController.php(127): CController->render('index', Array)
#11 /var/www/html/yii/framework/web/actions/CInlineAction.php(49): TemperaturasController->actionIndex()
#12 /var/www/html/yii/framework/web/CController.php(308): CInlineAction->runWithParams(Array)
#13 /var/www/html/yii/framework/web/filters/CFilterChain.php(134): CController->runAction(Object(CInlineAction))
#14 /var/www/html/yii/framework/web/filters/CFilter.php(40): CFilterChain->run()
#15 /var/www/html/yii/framework/web/CController.php(1148): CFilter->filter(Object(CFilterChain))
#16 /var/www/html/yii/framework/web/filters/CInlineFilter.php(58): CController->filterAccessControl(Object(CFilterChain))
#17 /var/www/html/yii/framework/web/filters/CFilterChain.php(131): CInlineFilter->filter(Object(CFilterChain))
#18 /var/www/html/yii/framework/web/CController.php(291): CFilterChain->run()
#19 /var/www/html/yii/framework/web/CController.php(265): CController->runActionWithFilters(Object(CInlineAction), Array)
#20 /var/www/html/yii/framework/web/CWebApplication.php(282): CController->run('')
#21 /var/www/html/yii/framework/web/CWebApplication.php(141): CWebApplication->runController('temperaturas')
#22 /var/www/html/yii/framework/base/CApplication.php(185): CWebApplication->processRequest()
#23 /var/www/html/rasptemp/index.php(13): CApplication->run()
#24 {main}
REQUEST_URI=/rasptemp/index.php?r=temperaturas
HTTP_REFERER=http://192.168.1.200/rasptemp/index.php?r=site/login
---
2018/08/19 18:18:33 [error] [exception.ParseError] ParseError: syntax error, unexpected '"admin"' (T_CONSTANT_ENCAPSED_STRING), expecting identifier (T_STRING) or variable (T_VARIABLE) or '{' or '$' in /var/www/html/rasptemp/protected/views/layouts/main.php:34
Stack trace:
#0 /var/www/html/yii/framework/web/CBaseController.php(95): CBaseController->renderInternal('/var/www/html/r...', Array, true)
#1 /var/www/html/yii/framework/web/widgets/CContentDecorator.php(76): CBaseController->renderFile('/var/www/html/r...', Array, true)
#2 /var/www/html/yii/framework/web/widgets/CContentDecorator.php(54): CContentDecorator->decorate('<div id="conten...')
#3 /var/www/html/yii/framework/web/widgets/COutputProcessor.php(44): CContentDecorator->processOutput('<div id="conten...')
#4 /var/www/html/yii/framework/web/CBaseController.php(215): COutputProcessor->run()
#5 /var/www/html/yii/framework/web/CBaseController.php(309): CBaseController->endWidget('CContentDecorat...')
#6 /var/www/html/rasptemp/protected/views/layouts/column1.php(6): CBaseController->endContent()
#7 /var/www/html/yii/framework/web/CBaseController.php(126): require('/var/www/html/r...')
#8 /var/www/html/yii/framework/web/CBaseController.php(95): CBaseController->renderInternal('/var/www/html/r...', Array, true)
#9 /var/www/html/yii/framework/web/CController.php(787): CBaseController->renderFile('/var/www/html/r...', Array, true)
#10 /var/www/html/rasptemp/protected/controllers/SiteController.php(32): CController->render('index')
#11 /var/www/html/yii/framework/web/actions/CInlineAction.php(49): SiteController->actionIndex()
#12 /var/www/html/yii/framework/web/CController.php(308): CInlineAction->runWithParams(Array)
#13 /var/www/html/yii/framework/web/CController.php(286): CController->runAction(Object(CInlineAction))
#14 /var/www/html/yii/framework/web/CController.php(265): CController->runActionWithFilters(Object(CInlineAction), Array)
#15 /var/www/html/yii/framework/web/CWebApplication.php(282): CController->run('')
#16 /var/www/html/yii/framework/web/CWebApplication.php(141): CWebApplication->runController('')
#17 /var/www/html/yii/framework/base/CApplication.php(185): CWebApplication->processRequest()
#18 /var/www/html/rasptemp/index.php(13): CApplication->run()
#19 {main}
REQUEST_URI=/rasptemp/index.php
HTTP_REFERER=http://192.168.1.200/rasptemp/index.php?r=site/login
---
2018/08/19 18:18:51 [error] [exception.ParseError] ParseError: syntax error, unexpected ''admin'' (T_CONSTANT_ENCAPSED_STRING), expecting identifier (T_STRING) or variable (T_VARIABLE) or '{' or '$' in /var/www/html/rasptemp/protected/views/layouts/main.php:34
Stack trace:
#0 /var/www/html/yii/framework/web/CBaseController.php(95): CBaseController->renderInternal('/var/www/html/r...', Array, true)
#1 /var/www/html/yii/framework/web/widgets/CContentDecorator.php(76): CBaseController->renderFile('/var/www/html/r...', Array, true)
#2 /var/www/html/yii/framework/web/widgets/CContentDecorator.php(54): CContentDecorator->decorate('<div id="conten...')
#3 /var/www/html/yii/framework/web/widgets/COutputProcessor.php(44): CContentDecorator->processOutput('<div id="conten...')
#4 /var/www/html/yii/framework/web/CBaseController.php(215): COutputProcessor->run()
#5 /var/www/html/yii/framework/web/CBaseController.php(309): CBaseController->endWidget('CContentDecorat...')
#6 /var/www/html/rasptemp/protected/views/layouts/column1.php(6): CBaseController->endContent()
#7 /var/www/html/yii/framework/web/CBaseController.php(126): require('/var/www/html/r...')
#8 /var/www/html/yii/framework/web/CBaseController.php(95): CBaseController->renderInternal('/var/www/html/r...', Array, true)
#9 /var/www/html/yii/framework/web/CController.php(787): CBaseController->renderFile('/var/www/html/r...', Array, true)
#10 /var/www/html/rasptemp/protected/controllers/SiteController.php(32): CController->render('index')
#11 /var/www/html/yii/framework/web/actions/CInlineAction.php(49): SiteController->actionIndex()
#12 /var/www/html/yii/framework/web/CController.php(308): CInlineAction->runWithParams(Array)
#13 /var/www/html/yii/framework/web/CController.php(286): CController->runAction(Object(CInlineAction))
#14 /var/www/html/yii/framework/web/CController.php(265): CController->runActionWithFilters(Object(CInlineAction), Array)
#15 /var/www/html/yii/framework/web/CWebApplication.php(282): CController->run('')
#16 /var/www/html/yii/framework/web/CWebApplication.php(141): CWebApplication->runController('')
#17 /var/www/html/yii/framework/base/CApplication.php(185): CWebApplication->processRequest()
#18 /var/www/html/rasptemp/index.php(13): CApplication->run()
#19 {main}
REQUEST_URI=/rasptemp/index.php
HTTP_REFERER=http://192.168.1.200/rasptemp/index.php?r=site/login
---
2018/08/19 18:20:03 [error] [exception.CException] CException: Property "CWebApplication.user" is read only. in /var/www/html/yii/framework/base/CComponent.php:170
Stack trace:
#0 /var/www/html/rasptemp/protected/views/layouts/main.php(34): CComponent->__set('user', 'admin')
#1 /var/www/html/yii/framework/web/CBaseController.php(126): require('/var/www/html/r...')
#2 /var/www/html/yii/framework/web/CBaseController.php(95): CBaseController->renderInternal('/var/www/html/r...', Array, true)
#3 /var/www/html/yii/framework/web/widgets/CContentDecorator.php(76): CBaseController->renderFile('/var/www/html/r...', Array, true)
#4 /var/www/html/yii/framework/web/widgets/CContentDecorator.php(54): CContentDecorator->decorate('<div id="conten...')
#5 /var/www/html/yii/framework/web/widgets/COutputProcessor.php(44): CContentDecorator->processOutput('<div id="conten...')
#6 /var/www/html/yii/framework/web/CBaseController.php(215): COutputProcessor->run()
#7 /var/www/html/yii/framework/web/CBaseController.php(309): CBaseController->endWidget('CContentDecorat...')
#8 /var/www/html/rasptemp/protected/views/layouts/column1.php(6): CBaseController->endContent()
#9 /var/www/html/yii/framework/web/CBaseController.php(126): require('/var/www/html/r...')
#10 /var/www/html/yii/framework/web/CBaseController.php(95): CBaseController->renderInternal('/var/www/html/r...', Array, true)
#11 /var/www/html/yii/framework/web/CController.php(787): CBaseController->renderFile('/var/www/html/r...', Array, true)
#12 /var/www/html/rasptemp/protected/controllers/SiteController.php(72): CController->render('contact', Array)
#13 /var/www/html/yii/framework/web/actions/CInlineAction.php(49): SiteController->actionContact()
#14 /var/www/html/yii/framework/web/CController.php(308): CInlineAction->runWithParams(Array)
#15 /var/www/html/yii/framework/web/CController.php(286): CController->runAction(Object(CInlineAction))
#16 /var/www/html/yii/framework/web/CController.php(265): CController->runActionWithFilters(Object(CInlineAction), Array)
#17 /var/www/html/yii/framework/web/CWebApplication.php(282): CController->run('contact')
#18 /var/www/html/yii/framework/web/CWebApplication.php(141): CWebApplication->runController('site/contact')
#19 /var/www/html/yii/framework/base/CApplication.php(185): CWebApplication->processRequest()
#20 /var/www/html/rasptemp/index.php(13): CApplication->run()
#21 {main}
REQUEST_URI=/rasptemp/index.php?r=site/contact
HTTP_REFERER=http://192.168.1.200/rasptemp/index.php?r=site/page&view=about
---
2018/08/19 18:27:02 [error] [exception.ParseError] ParseError: syntax error, unexpected '<', expecting ')' in /var/www/html/rasptemp/protected/views/layouts/main.php:34
Stack trace:
#0 /var/www/html/yii/framework/web/CBaseController.php(95): CBaseController->renderInternal('/var/www/html/r...', Array, true)
#1 /var/www/html/yii/framework/web/widgets/CContentDecorator.php(76): CBaseController->renderFile('/var/www/html/r...', Array, true)
#2 /var/www/html/yii/framework/web/widgets/CContentDecorator.php(54): CContentDecorator->decorate('<div id="conten...')
#3 /var/www/html/yii/framework/web/widgets/COutputProcessor.php(44): CContentDecorator->processOutput('<div id="conten...')
#4 /var/www/html/yii/framework/web/CBaseController.php(215): COutputProcessor->run()
#5 /var/www/html/yii/framework/web/CBaseController.php(309): CBaseController->endWidget('CContentDecorat...')
#6 /var/www/html/rasptemp/protected/views/layouts/column1.php(6): CBaseController->endContent()
#7 /var/www/html/yii/framework/web/CBaseController.php(126): require('/var/www/html/r...')
#8 /var/www/html/yii/framework/web/CBaseController.php(95): CBaseController->renderInternal('/var/www/html/r...', Array, true)
#9 /var/www/html/yii/framework/web/CController.php(787): CBaseController->renderFile('/var/www/html/r...', Array, true)
#10 /var/www/html/rasptemp/protected/controllers/SiteController.php(32): CController->render('index')
#11 /var/www/html/yii/framework/web/actions/CInlineAction.php(49): SiteController->actionIndex()
#12 /var/www/html/yii/framework/web/CController.php(308): CInlineAction->runWithParams(Array)
#13 /var/www/html/yii/framework/web/CController.php(286): CController->runAction(Object(CInlineAction))
#14 /var/www/html/yii/framework/web/CController.php(265): CController->runActionWithFilters(Object(CInlineAction), Array)
#15 /var/www/html/yii/framework/web/CWebApplication.php(282): CController->run('index')
#16 /var/www/html/yii/framework/web/CWebApplication.php(141): CWebApplication->runController('site/index')
#17 /var/www/html/yii/framework/base/CApplication.php(185): CWebApplication->processRequest()
#18 /var/www/html/rasptemp/index.php(13): CApplication->run()
#19 {main}
REQUEST_URI=/rasptemp/index.php?r=site/index
HTTP_REFERER=http://192.168.1.200/rasptemp/index.php?r=site/page&view=about
---
2018/08/19 18:29:54 [error] [exception.CHttpException.403] CHttpException: You are not authorized to perform this action. in /var/www/html/yii/framework/web/auth/CAccessControlFilter.php:183
Stack trace:
#0 /var/www/html/yii/framework/web/auth/CAccessControlFilter.php(145): CAccessControlFilter->accessDenied(Object(CWebUser), 'You are not aut...')
#1 /var/www/html/yii/framework/web/filters/CFilter.php(38): CAccessControlFilter->preFilter(Object(CFilterChain))
#2 /var/www/html/yii/framework/web/CController.php(1148): CFilter->filter(Object(CFilterChain))
#3 /var/www/html/yii/framework/web/filters/CInlineFilter.php(58): CController->filterAccessControl(Object(CFilterChain))
#4 /var/www/html/yii/framework/web/filters/CFilterChain.php(131): CInlineFilter->filter(Object(CFilterChain))
#5 /var/www/html/yii/framework/web/CController.php(291): CFilterChain->run()
#6 /var/www/html/yii/framework/web/CController.php(265): CController->runActionWithFilters(Object(CInlineAction), Array)
#7 /var/www/html/yii/framework/web/CWebApplication.php(282): CController->run('')
#8 /var/www/html/yii/framework/web/CWebApplication.php(141): CWebApplication->runController('users')
#9 /var/www/html/yii/framework/base/CApplication.php(185): CWebApplication->processRequest()
#10 /var/www/html/rasptemp/index.php(13): CApplication->run()
#11 {main}
REQUEST_URI=/rasptemp/index.php?r=users
HTTP_REFERER=http://192.168.1.200/rasptemp/index.php?r=site/login
---
2018/08/19 19:26:59 [error] [exception.CHttpException.403] CHttpException: You are not authorized to perform this action. in /var/www/html/yii/framework/web/auth/CAccessControlFilter.php:183
Stack trace:
#0 /var/www/html/yii/framework/web/auth/CAccessControlFilter.php(145): CAccessControlFilter->accessDenied(Object(CWebUser), 'You are not aut...')
#1 /var/www/html/yii/framework/web/filters/CFilter.php(38): CAccessControlFilter->preFilter(Object(CFilterChain))
#2 /var/www/html/yii/framework/web/CController.php(1148): CFilter->filter(Object(CFilterChain))
#3 /var/www/html/yii/framework/web/filters/CInlineFilter.php(58): CController->filterAccessControl(Object(CFilterChain))
#4 /var/www/html/yii/framework/web/filters/CFilterChain.php(131): CInlineFilter->filter(Object(CFilterChain))
#5 /var/www/html/yii/framework/web/CController.php(291): CFilterChain->run()
#6 /var/www/html/yii/framework/web/CController.php(265): CController->runActionWithFilters(Object(CInlineAction), Array)
#7 /var/www/html/yii/framework/web/CWebApplication.php(282): CController->run('')
#8 /var/www/html/yii/framework/web/CWebApplication.php(141): CWebApplication->runController('users')
#9 /var/www/html/yii/framework/base/CApplication.php(185): CWebApplication->processRequest()
#10 /var/www/html/rasptemp/index.php(13): CApplication->run()
#11 {main}
REQUEST_URI=/rasptemp/index.php?r=users
---
2018/08/19 19:27:02 [error] [exception.CHttpException.403] CHttpException: You are not authorized to perform this action. in /var/www/html/yii/framework/web/auth/CAccessControlFilter.php:183
Stack trace:
#0 /var/www/html/yii/framework/web/auth/CAccessControlFilter.php(145): CAccessControlFilter->accessDenied(Object(CWebUser), 'You are not aut...')
#1 /var/www/html/yii/framework/web/filters/CFilter.php(38): CAccessControlFilter->preFilter(Object(CFilterChain))
#2 /var/www/html/yii/framework/web/CController.php(1148): CFilter->filter(Object(CFilterChain))
#3 /var/www/html/yii/framework/web/filters/CInlineFilter.php(58): CController->filterAccessControl(Object(CFilterChain))
#4 /var/www/html/yii/framework/web/filters/CFilterChain.php(131): CInlineFilter->filter(Object(CFilterChain))
#5 /var/www/html/yii/framework/web/CController.php(291): CFilterChain->run()
#6 /var/www/html/yii/framework/web/CController.php(265): CController->runActionWithFilters(Object(CInlineAction), Array)
#7 /var/www/html/yii/framework/web/CWebApplication.php(282): CController->run('index')
#8 /var/www/html/yii/framework/web/CWebApplication.php(141): CWebApplication->runController('users/index')
#9 /var/www/html/yii/framework/base/CApplication.php(185): CWebApplication->processRequest()
#10 /var/www/html/rasptemp/index.php(13): CApplication->run()
#11 {main}
REQUEST_URI=/rasptemp/index.php?r=users/index
---
2018/08/24 19:38:17 [error] [exception.CHttpException.403] CHttpException: You are not authorized to perform this action. in /var/www/html/yii/framework/web/auth/CAccessControlFilter.php:183
Stack trace:
#0 /var/www/html/yii/framework/web/auth/CAccessControlFilter.php(145): CAccessControlFilter->accessDenied(Object(CWebUser), 'You are not aut...')
#1 /var/www/html/yii/framework/web/filters/CFilter.php(38): CAccessControlFilter->preFilter(Object(CFilterChain))
#2 /var/www/html/yii/framework/web/CController.php(1148): CFilter->filter(Object(CFilterChain))
#3 /var/www/html/yii/framework/web/filters/CInlineFilter.php(58): CController->filterAccessControl(Object(CFilterChain))
#4 /var/www/html/yii/framework/web/filters/CFilterChain.php(131): CInlineFilter->filter(Object(CFilterChain))
#5 /var/www/html/yii/framework/web/CController.php(291): CFilterChain->run()
#6 /var/www/html/yii/framework/web/CController.php(265): CController->runActionWithFilters(Object(CInlineAction), Array)
#7 /var/www/html/yii/framework/web/CWebApplication.php(282): CController->run('')
#8 /var/www/html/yii/framework/web/CWebApplication.php(141): CWebApplication->runController('users')
#9 /var/www/html/yii/framework/base/CApplication.php(185): CWebApplication->processRequest()
#10 /var/www/html/rasptemp/index.php(13): CApplication->run()
#11 {main}
REQUEST_URI=/rasptemp/index.php?r=users
HTTP_REFERER=http://192.168.1.200/rasptemp/index.php?r=site/login
---
2018/08/25 00:42:02 [error] [exception.CHttpException.403] CHttpException: You are not authorized to perform this action. in /var/www/html/yii/framework/web/auth/CAccessControlFilter.php:183
Stack trace:
#0 /var/www/html/yii/framework/web/auth/CAccessControlFilter.php(145): CAccessControlFilter->accessDenied(Object(CWebUser), 'You are not aut...')
#1 /var/www/html/yii/framework/web/filters/CFilter.php(38): CAccessControlFilter->preFilter(Object(CFilterChain))
#2 /var/www/html/yii/framework/web/CController.php(1148): CFilter->filter(Object(CFilterChain))
#3 /var/www/html/yii/framework/web/filters/CInlineFilter.php(58): CController->filterAccessControl(Object(CFilterChain))
#4 /var/www/html/yii/framework/web/filters/CFilterChain.php(131): CInlineFilter->filter(Object(CFilterChain))
#5 /var/www/html/yii/framework/web/CController.php(291): CFilterChain->run()
#6 /var/www/html/yii/framework/web/CController.php(265): CController->runActionWithFilters(Object(CInlineAction), Array)
#7 /var/www/html/yii/framework/web/CWebApplication.php(282): CController->run('')
#8 /var/www/html/yii/framework/web/CWebApplication.php(141): CWebApplication->runController('users')
#9 /var/www/html/yii/framework/base/CApplication.php(185): CWebApplication->processRequest()
#10 /var/www/html/rasptemp/index.php(13): CApplication->run()
#11 {main}
REQUEST_URI=/rasptemp/index.php?r=users
HTTP_REFERER=http://192.168.1.200/rasptemp/index.php?r=site/login
---
2018/08/25 12:45:30 [error] [exception.CHttpException.403] CHttpException: You are not authorized to perform this action. in /var/www/html/yii/framework/web/auth/CAccessControlFilter.php:183
Stack trace:
#0 /var/www/html/yii/framework/web/auth/CAccessControlFilter.php(145): CAccessControlFilter->accessDenied(Object(CWebUser), 'You are not aut...')
#1 /var/www/html/yii/framework/web/filters/CFilter.php(38): CAccessControlFilter->preFilter(Object(CFilterChain))
#2 /var/www/html/yii/framework/web/CController.php(1148): CFilter->filter(Object(CFilterChain))
#3 /var/www/html/yii/framework/web/filters/CInlineFilter.php(58): CController->filterAccessControl(Object(CFilterChain))
#4 /var/www/html/yii/framework/web/filters/CFilterChain.php(131): CInlineFilter->filter(Object(CFilterChain))
#5 /var/www/html/yii/framework/web/CController.php(291): CFilterChain->run()
#6 /var/www/html/yii/framework/web/CController.php(265): CController->runActionWithFilters(Object(CInlineAction), Array)
#7 /var/www/html/yii/framework/web/CWebApplication.php(282): CController->run('')
#8 /var/www/html/yii/framework/web/CWebApplication.php(141): CWebApplication->runController('users')
#9 /var/www/html/yii/framework/base/CApplication.php(185): CWebApplication->processRequest()
#10 /var/www/html/rasptemp/index.php(13): CApplication->run()
#11 {main}
REQUEST_URI=/rasptemp/index.php?r=users
HTTP_REFERER=http://192.168.1.200/rasptemp/index.php?r=site/login
---
2018/08/26 12:56:47 [error] [exception.CHttpException.403] CHttpException: You are not authorized to perform this action. in /var/www/html/yii/framework/web/auth/CAccessControlFilter.php:183
Stack trace:
#0 /var/www/html/yii/framework/web/auth/CAccessControlFilter.php(145): CAccessControlFilter->accessDenied(Object(CWebUser), 'You are not aut...')
#1 /var/www/html/yii/framework/web/filters/CFilter.php(38): CAccessControlFilter->preFilter(Object(CFilterChain))
#2 /var/www/html/yii/framework/web/CController.php(1148): CFilter->filter(Object(CFilterChain))
#3 /var/www/html/yii/framework/web/filters/CInlineFilter.php(58): CController->filterAccessControl(Object(CFilterChain))
#4 /var/www/html/yii/framework/web/filters/CFilterChain.php(131): CInlineFilter->filter(Object(CFilterChain))
#5 /var/www/html/yii/framework/web/CController.php(291): CFilterChain->run()
#6 /var/www/html/yii/framework/web/CController.php(265): CController->runActionWithFilters(Object(CInlineAction), Array)
#7 /var/www/html/yii/framework/web/CWebApplication.php(282): CController->run('')
#8 /var/www/html/yii/framework/web/CWebApplication.php(141): CWebApplication->runController('users')
#9 /var/www/html/yii/framework/base/CApplication.php(185): CWebApplication->processRequest()
#10 /var/www/html/rasptemp/index.php(13): CApplication->run()
#11 {main}
REQUEST_URI=/rasptemp/index.php?r=users
HTTP_REFERER=http://192.168.1.200/rasptemp/index.php?r=site/login
---
2018/08/29 20:32:45 [error] [exception.CHttpException.403] CHttpException: You are not authorized to perform this action. in /var/www/html/yii/framework/web/auth/CAccessControlFilter.php:183
Stack trace:
#0 /var/www/html/yii/framework/web/auth/CAccessControlFilter.php(145): CAccessControlFilter->accessDenied(Object(CWebUser), 'You are not aut...')
#1 /var/www/html/yii/framework/web/filters/CFilter.php(38): CAccessControlFilter->preFilter(Object(CFilterChain))
#2 /var/www/html/yii/framework/web/CController.php(1148): CFilter->filter(Object(CFilterChain))
#3 /var/www/html/yii/framework/web/filters/CInlineFilter.php(58): CController->filterAccessControl(Object(CFilterChain))
#4 /var/www/html/yii/framework/web/filters/CFilterChain.php(131): CInlineFilter->filter(Object(CFilterChain))
#5 /var/www/html/yii/framework/web/CController.php(291): CFilterChain->run()
#6 /var/www/html/yii/framework/web/CController.php(265): CController->runActionWithFilters(Object(CInlineAction), Array)
#7 /var/www/html/yii/framework/web/CWebApplication.php(282): CController->run('getTemp')
#8 /var/www/html/yii/framework/web/CWebApplication.php(141): CWebApplication->runController('temperaturas/ge...')
#9 /var/www/html/yii/framework/base/CApplication.php(185): CWebApplication->processRequest()
#10 /var/www/html/rasptemp/index.php(13): CApplication->run()
#11 {main}
REQUEST_URI=/rasptemp/index.php?r=temperaturas/getTemp
---
2018/08/29 20:42:16 [error] [exception.CHttpException.404] CHttpException: Unable to resolve the request "index.php?r=temperaturas/getTemp". in /var/www/html/yii/framework/web/CWebApplication.php:286
Stack trace:
#0 /var/www/html/yii/framework/web/CWebApplication.php(141): CWebApplication->runController('index.php?r=tem...')
#1 /var/www/html/yii/framework/base/CApplication.php(185): CWebApplication->processRequest()
#2 /var/www/html/rasptemp/index.php(13): CApplication->run()
#3 {main}
REQUEST_URI=/rasptemp/index.php?r=index.php?r=temperaturas/getTemp
HTTP_REFERER=http://192.168.1.200/rasptemp/index.php?r=temperaturas/index
---
2018/08/29 20:42:19 [error] [exception.CHttpException.404] CHttpException: Unable to resolve the request "index.php?r=temperaturas/getTemp". in /var/www/html/yii/framework/web/CWebApplication.php:286
Stack trace:
#0 /var/www/html/yii/framework/web/CWebApplication.php(141): CWebApplication->runController('index.php?r=tem...')
#1 /var/www/html/yii/framework/base/CApplication.php(185): CWebApplication->processRequest()
#2 /var/www/html/rasptemp/index.php(13): CApplication->run()
#3 {main}
REQUEST_URI=/rasptemp/index.php?r=index.php?r=temperaturas/getTemp
HTTP_REFERER=http://192.168.1.200/rasptemp/index.php?r=temperaturas/index
---
2018/08/29 20:42:19 [error] [exception.CHttpException.404] CHttpException: Unable to resolve the request "index.php?r=temperaturas/getTemp". in /var/www/html/yii/framework/web/CWebApplication.php:286
Stack trace:
#0 /var/www/html/yii/framework/web/CWebApplication.php(141): CWebApplication->runController('index.php?r=tem...')
#1 /var/www/html/yii/framework/base/CApplication.php(185): CWebApplication->processRequest()
#2 /var/www/html/rasptemp/index.php(13): CApplication->run()
#3 {main}
REQUEST_URI=/rasptemp/index.php?r=index.php?r=temperaturas/getTemp
HTTP_REFERER=http://192.168.1.200/rasptemp/index.php?r=temperaturas/index
---
2018/08/29 20:42:29 [error] [exception.CHttpException.404] CHttpException: Unable to resolve the request "index.php?r=temperaturas/getTemp". in /var/www/html/yii/framework/web/CWebApplication.php:286
Stack trace:
#0 /var/www/html/yii/framework/web/CWebApplication.php(141): CWebApplication->runController('index.php?r=tem...')
#1 /var/www/html/yii/framework/base/CApplication.php(185): CWebApplication->processRequest()
#2 /var/www/html/rasptemp/index.php(13): CApplication->run()
#3 {main}
REQUEST_URI=/rasptemp/index.php?r=index.php?r=temperaturas/getTemp
HTTP_REFERER=http://192.168.1.200/rasptemp/index.php?r=temperaturas/index
---
2018/08/29 20:42:53 [error] [exception.CHttpException.404] CHttpException: Unable to resolve the request "index.php?r=temperaturas/getTemp". in /var/www/html/yii/framework/web/CWebApplication.php:286
Stack trace:
#0 /var/www/html/yii/framework/web/CWebApplication.php(141): CWebApplication->runController('index.php?r=tem...')
#1 /var/www/html/yii/framework/base/CApplication.php(185): CWebApplication->processRequest()
#2 /var/www/html/rasptemp/index.php(13): CApplication->run()
#3 {main}
REQUEST_URI=/rasptemp/index.php?r=index.php?r=temperaturas/getTemp
---
2018/08/29 20:43:37 [error] [exception.CHttpException.404] CHttpException: Unable to resolve the request "index.php?r=temperaturas/getTemp". in /var/www/html/yii/framework/web/CWebApplication.php:286
Stack trace:
#0 /var/www/html/yii/framework/web/CWebApplication.php(141): CWebApplication->runController('index.php?r=tem...')
#1 /var/www/html/yii/framework/base/CApplication.php(185): CWebApplication->processRequest()
#2 /var/www/html/rasptemp/index.php(13): CApplication->run()
#3 {main}
REQUEST_URI=/rasptemp/index.php?r=index.php?r=temperaturas/getTemp
HTTP_REFERER=http://192.168.1.200/rasptemp/index.php?r=temperaturas/index
---
2018/08/30 00:42:51 [error] [exception.CHttpException.403] CHttpException: You are not authorized to perform this action. in /var/www/html/yii/framework/web/auth/CAccessControlFilter.php:183
Stack trace:
#0 /var/www/html/yii/framework/web/auth/CAccessControlFilter.php(145): CAccessControlFilter->accessDenied(Object(CWebUser), 'You are not aut...')
#1 /var/www/html/yii/framework/web/filters/CFilter.php(38): CAccessControlFilter->preFilter(Object(CFilterChain))
#2 /var/www/html/yii/framework/web/CController.php(1148): CFilter->filter(Object(CFilterChain))
#3 /var/www/html/yii/framework/web/filters/CInlineFilter.php(58): CController->filterAccessControl(Object(CFilterChain))
#4 /var/www/html/yii/framework/web/filters/CFilterChain.php(131): CInlineFilter->filter(Object(CFilterChain))
#5 /var/www/html/yii/framework/web/CController.php(291): CFilterChain->run()
#6 /var/www/html/yii/framework/web/CController.php(265): CController->runActionWithFilters(Object(CInlineAction), Array)
#7 /var/www/html/yii/framework/web/CWebApplication.php(282): CController->run('index')
#8 /var/www/html/yii/framework/web/CWebApplication.php(141): CWebApplication->runController('users/index')
#9 /var/www/html/yii/framework/base/CApplication.php(185): CWebApplication->processRequest()
#10 /var/www/html/rasptemp/index.php(13): CApplication->run()
#11 {main}
REQUEST_URI=/rasptemp/index.php?r=users/index
HTTP_REFERER=http://192.168.1.200/rasptemp/index.php?r=site/login
---
